<?xml version="1.0" encoding="UTF-8"?>
<testsuite name="test.java.mypackage.TestFunctions" tests="1" skipped="0" failures="0" errors="0" timestamp="2017-09-21T12:39:00" hostname="NB1113" time="0.001">
  <properties/>
  <testcase name="testStringData" classname="test.java.mypackage.TestFunctions" time="0.001"/>
  <system-out><![CDATA[]]></system-out>
  <system-err><![CDATA[]]></system-err>
</testsuite>
